<?xml version="1.0" encoding="UTF-8"?>
<!-- Generated by org.testng.reporters.JUnitXMLReporter -->
<testsuite ignored="2" hostname="LAPTOP-D3D6H7R8" failures="1" tests="6" name="Test" time="49.339" errors="0" timestamp="2021-08-26T11:03:01 IST">
  <testcase classname="com.vtiger.comcast.organizationTest.CreateOrganizationTest" name="createOrgMarketing" time="7.306"/>
  <testcase classname="com.vtiger.comcast.organizationTest.CreateOrganizationTest" name="createOrgWithRating" time="6.934"/>
  <testcase classname="com.vtiger.comcast.organizationTest.CreateOrganizationTest" name="createorgtest" time="7.315">
    <failure type="java.lang.AssertionError" message="expected [false] but found [true]">
      <![CDATA[java.lang.AssertionError: expected [false] but found [true]
at com.vtiger.comcast.organizationTest.CreateOrganizationTest.createorgtest(CreateOrganizationTest.java:43)
at java.base/java.util.ArrayList.forEach(ArrayList.java:1507)
... Removed 31 stack frames]]>
    </failure>
  </testcase> <!-- createorgtest -->
  <testcase classname="com.comcast.contactTest.CreateContactTest" name="createcontact" time="0.002"/>
  <testcase classname="com.comcast.contactTest.CreateContactTest" name="deleteContact" time="0.001"/>
  <testcase classname="com.comcast.contactTest.CreateContactTest" name="modifyContact" time="0.002"/>
  <testcase classname="com.vtiger.comcast.genericUtility.BaseClass" name="@AfterSuite configureAS" time="0.0">
    <ignored/>
  </testcase> <!-- @AfterSuite configureAS -->
  <testcase classname="com.vtiger.comcast.genericUtility.BaseClass" name="@BeforeSuite confiureBS" time="0.0">
    <ignored/>
  </testcase> <!-- @BeforeSuite confiureBS -->
</testsuite> <!-- Test -->
